<?xml version="1.0" encoding="UTF-8" ?>
<testsuite tests="6" failures="3" name="TestSuite" time="38.529" errors="0" skipped="0">
  <properties>
    <property name="java.vendor" value="Oracle Corporation"/>
    <property name="JOB_NAME" value="CunyFirstTest"/>
    <property name="PWD" value="/Users/AliAhmed/Desktop/jenkins"/>
    <property name="sun.java.launcher" value="SUN_STANDARD"/>
    <property name="sun.management.compiler" value="HotSpot 64-Bit Tiered Compilers"/>
    <property name="JENKINS_HOME" value="/Users/AliAhmed/.jenkins"/>
    <property name="PATH" value="/Library/Frameworks/Python.framework/Versions/3.7/bin:/Library/Frameworks/Python.framework/Versions/3.7/bin:/usr/local/bin:/usr/bin:/bin:/usr/sbin:/sbin"/>
    <property name="HUDSON_SERVER_COOKIE" value="44289ca0a6799970"/>
    <property name="POM_ARTIFACTID" value="CunyFirstTest"/>
    <property name="os.name" value="Mac OS X"/>
    <property name="JAVA_MAIN_CLASS_60276" value="Main"/>
    <property name="TERM_PROGRAM" value="Apple_Terminal"/>
    <property name="sun.boot.class.path" value="/Library/Java/JavaVirtualMachines/jdk1.8.0_111.jdk/Contents/Home/jre/lib/resources.jar:/Library/Java/JavaVirtualMachines/jdk1.8.0_111.jdk/Contents/Home/jre/lib/rt.jar:/Library/Java/JavaVirtualMachines/jdk1.8.0_111.jdk/Contents/Home/jre/lib/sunrsasign.jar:/Library/Java/JavaVirtualMachines/jdk1.8.0_111.jdk/Contents/Home/jre/lib/jsse.jar:/Library/Java/JavaVirtualMachines/jdk1.8.0_111.jdk/Contents/Home/jre/lib/jce.jar:/Library/Java/JavaVirtualMachines/jdk1.8.0_111.jdk/Contents/Home/jre/lib/charsets.jar:/Library/Java/JavaVirtualMachines/jdk1.8.0_111.jdk/Contents/Home/jre/lib/jfr.jar:/Library/Java/JavaVirtualMachines/jdk1.8.0_111.jdk/Contents/Home/jre/classes"/>
    <property name="EXECUTOR_NUMBER" value="1"/>
    <property name="TERM_SESSION_ID" value="6D744EC6-889C-49DB-B1C4-B0C88BD4E71B"/>
    <property name="java.vm.specification.vendor" value="Oracle Corporation"/>
    <property name="POM_DISPLAYNAME" value="CunyFirstTest"/>
    <property name="NODE_LABELS" value="master"/>
    <property name="java.runtime.version" value="1.8.0_111-b14"/>
    <property name="user.name" value="AliAhmed"/>
    <property name="guice.disable.misplaced.annotation.check" value="true"/>
    <property name="user.language" value="en"/>
    <property name="JOB_BASE_NAME" value="CunyFirstTest"/>
    <property name="RUN_CHANGES_DISPLAY_URL" value="http://localhost:8080/job/CunyFirstTest/2/display/redirect?page=changes"/>
    <property name="BUILD_DISPLAY_NAME" value="#2"/>
    <property name="TMPDIR" value="/var/folders/b_/74r5y8tx4dj3sb4l02b9tzy40000gn/T/"/>
    <property name="sun.boot.library.path" value="/Library/Java/JavaVirtualMachines/jdk1.8.0_111.jdk/Contents/Home/jre/lib"/>
    <property name="java.version" value="1.8.0_111"/>
    <property name="XPC_FLAGS" value="0x0"/>
    <property name="user.timezone" value="America/New_York"/>
    <property name="sun.arch.data.model" value="64"/>
    <property name="NODE_NAME" value="master"/>
    <property name="TERM" value="xterm-256color"/>
    <property name="http.nonProxyHosts" value="local|*.local|169.254/16|*.169.254/16"/>
    <property name="java.endorsed.dirs" value="/Library/Java/JavaVirtualMachines/jdk1.8.0_111.jdk/Contents/Home/jre/lib/endorsed"/>
    <property name="BUILD_ID" value="2"/>
    <property name="sun.cpu.isalist" value=""/>
    <property name="sun.jnu.encoding" value="UTF-8"/>
    <property name="file.encoding.pkg" value="sun.io"/>
    <property name="SHELL" value="/bin/bash"/>
    <property name="file.separator" value="/"/>
    <property name="java.specification.name" value="Java Platform API Specification"/>
    <property name="maven.conf" value="/Users/AliAhmed/.jenkins/tools/hudson.tasks.Maven_MavenInstallation/TestMaven/conf"/>
    <property name="java.class.version" value="52.0"/>
    <property name="org.slf4j.simpleLogger.defaultLogLevel" value="info"/>
    <property name="user.country" value="US"/>
    <property name="java.home" value="/Library/Java/JavaVirtualMachines/jdk1.8.0_111.jdk/Contents/Home/jre"/>
    <property name="java.vm.info" value="mixed mode"/>
    <property name="os.version" value="10.13.6"/>
    <property name="RUN_DISPLAY_URL" value="http://localhost:8080/job/CunyFirstTest/2/display/redirect"/>
    <property name="POM_VERSION" value="0.0.1-SNAPSHOT"/>
    <property name="sun.font.fontmanager" value="sun.font.CFontManager"/>
    <property name="path.separator" value=":"/>
    <property name="java.vm.version" value="25.111-b14"/>
    <property name="JOB_DISPLAY_URL" value="http://localhost:8080/job/CunyFirstTest/display/redirect"/>
    <property name="SHLVL" value="1"/>
    <property name="_" value="/usr/bin/java"/>
    <property name="java.awt.printerjob" value="sun.lwawt.macosx.CPrinterJob"/>
    <property name="sun.io.unicode.encoding" value="UnicodeBig"/>
    <property name="awt.toolkit" value="sun.lwawt.macosx.LWCToolkit"/>
    <property name="LOGNAME" value="AliAhmed"/>
    <property name="socksNonProxyHosts" value="local|*.local|169.254/16|*.169.254/16"/>
    <property name="POM_PACKAGING" value="jar"/>
    <property name="ftp.nonProxyHosts" value="local|*.local|169.254/16|*.169.254/16"/>
    <property name="HOME" value="/Users/AliAhmed"/>
    <property name="POM_GROUPID" value="CunyFirstTestAutomation"/>
    <property name="user.home" value="/Users/AliAhmed"/>
    <property name="BUILD_TAG" value="jenkins-CunyFirstTest-2"/>
    <property name="JENKINS_SERVER_COOKIE" value="44289ca0a6799970"/>
    <property name="HUDSON_URL" value="http://localhost:8080/"/>
    <property name="XPC_SERVICE_NAME" value="0"/>
    <property name="java.specification.vendor" value="Oracle Corporation"/>
    <property name="CLASSPATH" value=""/>
    <property name="java.vendor.url" value="http://java.oracle.com/"/>
    <property name="java.library.path" value="/Users/AliAhmed/Library/Java/Extensions:/Library/Java/Extensions:/Network/Library/Java/Extensions:/System/Library/Java/Extensions:/usr/lib/java:."/>
    <property name="Apple_PubSub_Socket_Render" value="/private/tmp/com.apple.launchd.uaLyYNxIqA/Render"/>
    <property name="gopherProxySet" value="false"/>
    <property name="java.vm.vendor" value="Oracle Corporation"/>
    <property name="java.runtime.name" value="Java(TM) SE Runtime Environment"/>
    <property name="maven.home" value="/Users/AliAhmed/.jenkins/tools/hudson.tasks.Maven_MavenInstallation/TestMaven"/>
    <property name="java.class.path" value="/Users/AliAhmed/.jenkins/plugins/maven-plugin/WEB-INF/lib/maven35-agent-1.13.jar:/Users/AliAhmed/.jenkins/tools/hudson.tasks.Maven_MavenInstallation/TestMaven/boot/plexus-classworlds-2.6.0.jar:/Users/AliAhmed/.jenkins/tools/hudson.tasks.Maven_MavenInstallation/TestMaven/conf/logging"/>
    <property name="sun.java.command" value="jenkins.maven3.agent.Maven35Main /Users/AliAhmed/.jenkins/tools/hudson.tasks.Maven_MavenInstallation/TestMaven /Users/AliAhmed/.jenkins/war/WEB-INF/lib/remoting-4.2.jar /Users/AliAhmed/.jenkins/plugins/maven-plugin/WEB-INF/lib/maven35-interceptor-1.13.jar /Users/AliAhmed/.jenkins/plugins/maven-plugin/WEB-INF/lib/maven3-interceptor-commons-1.13.jar 60438"/>
    <property name="java.vm.specification.name" value="Java Virtual Machine Specification"/>
    <property name="java.vm.specification.version" value="1.8"/>
    <property name="sun.os.patch.level" value="unknown"/>
    <property name="sun.cpu.endian" value="little"/>
    <property name="M2_HOME" value="/Users/AliAhmed/.jenkins/tools/hudson.tasks.Maven_MavenInstallation/TestMaven"/>
    <property name="java.io.tmpdir" value="/var/folders/b_/74r5y8tx4dj3sb4l02b9tzy40000gn/T/"/>
    <property name="HUDSON_HOME" value="/Users/AliAhmed/.jenkins"/>
    <property name="PATH+MAVEN" value="/Users/AliAhmed/.jenkins/tools/hudson.tasks.Maven_MavenInstallation/TestMaven/bin"/>
    <property name="BUILD_URL" value="http://localhost:8080/job/CunyFirstTest/2/"/>
    <property name="java.vendor.url.bug" value="http://bugreport.sun.com/bugreport/"/>
    <property name="OLDPWD" value="/Users/AliAhmed/Desktop"/>
    <property name="SSH_AUTH_SOCK" value="/private/tmp/com.apple.launchd.KueJD9yApI/Listeners"/>
    <property name="java.awt.graphicsenv" value="sun.awt.CGraphicsEnvironment"/>
    <property name="os.arch" value="x86_64"/>
    <property name="com.apple.java.jvmTask" value="CommandLine"/>
    <property name="java.ext.dirs" value="/Users/AliAhmed/Library/Java/Extensions:/Library/Java/JavaVirtualMachines/jdk1.8.0_111.jdk/Contents/Home/jre/lib/ext:/Library/Java/Extensions:/Network/Library/Java/Extensions:/System/Library/Java/Extensions:/usr/lib/java"/>
    <property name="__CF_USER_TEXT_ENCODING" value="0x1F5:0x0:0x0"/>
    <property name="user.dir" value="/Users/AliAhmed/eclipse-workspace/CunyFirstTest"/>
    <property name="JOB_URL" value="http://localhost:8080/job/CunyFirstTest/"/>
    <property name="line.separator" value="
"/>
    <property name="JAVA_ARCH" value="x86_64"/>
    <property name="MAVEN_HOME" value="/Users/AliAhmed/.jenkins/tools/hudson.tasks.Maven_MavenInstallation/TestMaven"/>
    <property name="java.vm.name" value="Java HotSpot(TM) 64-Bit Server VM"/>
    <property name="BUILD_NUMBER" value="2"/>
    <property name="JENKINS_URL" value="http://localhost:8080/"/>
    <property name="TERM_PROGRAM_VERSION" value="404.1"/>
    <property name="file.encoding" value="UTF-8"/>
    <property name="LANG" value="en_US.UTF-8"/>
    <property name="maven3.interceptor" value="/Users/AliAhmed/.jenkins/plugins/maven-plugin/WEB-INF/lib/maven35-interceptor-1.13.jar"/>
    <property name="WORKSPACE_TMP" value="/Users/AliAhmed/.jenkins/workspace/CunyFirstTest@tmp"/>
    <property name="WORKSPACE" value="/Users/AliAhmed/.jenkins/workspace/CunyFirstTest"/>
    <property name="maven3.interceptor.common" value="/Users/AliAhmed/.jenkins/plugins/maven-plugin/WEB-INF/lib/maven3-interceptor-commons-1.13.jar"/>
    <property name="java.specification.version" value="1.8"/>
    <property name="USER" value="AliAhmed"/>
  </properties>
  <testcase classname="com.cunyfirst.qa.testcases.StudentCenterPageTest" name="verifyStudentCenterLinkTest" time="20.253">
    <failure message="timeout: Timed out receiving message from renderer: -0.003
  (Session info: chrome=80.0.3987.132)
Build info: version: &apos;3.141.59&apos;, revision: &apos;e82be7d358&apos;, time: &apos;2018-11-14T08:17:03&apos;
System info: host: &apos;Alis-Air.home&apos;, ip: &apos;fe80:0:0:0:10a2:7d61:2ac9:b2b3%en0&apos;, os.name: &apos;Mac OS X&apos;, os.arch: &apos;x86_64&apos;, os.version: &apos;10.13.6&apos;, java.version: &apos;1.8.0_111&apos;
Driver info: org.openqa.selenium.chrome.ChromeDriver
Capabilities {acceptInsecureCerts: false, browserName: chrome, browserVersion: 80.0.3987.132, chrome: {chromedriverVersion: 80.0.3987.106 (f68069574609..., userDataDir: /var/folders/b_/74r5y8tx4dj...}, goog:chromeOptions: {debuggerAddress: localhost:60456}, javascriptEnabled: true, networkConnectionEnabled: false, pageLoadStrategy: normal, platform: MAC, platformName: MAC, proxy: Proxy(), setWindowRect: true, strictFileInteractability: false, timeouts: {implicit: 0, pageLoad: 300000, script: 30000}, unhandledPromptBehavior: dismiss and notify}
Session ID: bff443b32badf147165b239b022c2a26" type="org.openqa.selenium.TimeoutException">org.openqa.selenium.TimeoutException: timeout: Timed out receiving message from renderer: -0.003
  (Session info: chrome=80.0.3987.132)
Build info: version: &apos;3.141.59&apos;, revision: &apos;e82be7d358&apos;, time: &apos;2018-11-14T08:17:03&apos;
System info: host: &apos;Alis-Air.home&apos;, ip: &apos;fe80:0:0:0:10a2:7d61:2ac9:b2b3%en0&apos;, os.name: &apos;Mac OS X&apos;, os.arch: &apos;x86_64&apos;, os.version: &apos;10.13.6&apos;, java.version: &apos;1.8.0_111&apos;
Driver info: org.openqa.selenium.chrome.ChromeDriver
Capabilities {acceptInsecureCerts: false, browserName: chrome, browserVersion: 80.0.3987.132, chrome: {chromedriverVersion: 80.0.3987.106 (f68069574609..., userDataDir: /var/folders/b_/74r5y8tx4dj...}, goog:chromeOptions: {debuggerAddress: localhost:60456}, javascriptEnabled: true, networkConnectionEnabled: false, pageLoadStrategy: normal, platform: MAC, platformName: MAC, proxy: Proxy(), setWindowRect: true, strictFileInteractability: false, timeouts: {implicit: 0, pageLoad: 300000, script: 30000}, unhandledPromptBehavior: dismiss and notify}
Session ID: bff443b32badf147165b239b022c2a26
	at sun.reflect.NativeConstructorAccessorImpl.newInstance0(Native Method)
	at sun.reflect.NativeConstructorAccessorImpl.newInstance(NativeConstructorAccessorImpl.java:62)
	at sun.reflect.DelegatingConstructorAccessorImpl.newInstance(DelegatingConstructorAccessorImpl.java:45)
	at java.lang.reflect.Constructor.newInstance(Constructor.java:423)
	at org.openqa.selenium.remote.http.W3CHttpResponseCodec.createException(W3CHttpResponseCodec.java:187)
	at org.openqa.selenium.remote.http.W3CHttpResponseCodec.decode(W3CHttpResponseCodec.java:122)
	at org.openqa.selenium.remote.http.W3CHttpResponseCodec.decode(W3CHttpResponseCodec.java:49)
	at org.openqa.selenium.remote.HttpCommandExecutor.execute(HttpCommandExecutor.java:158)
	at org.openqa.selenium.remote.service.DriverCommandExecutor.execute(DriverCommandExecutor.java:83)
	at org.openqa.selenium.remote.RemoteWebDriver.execute(RemoteWebDriver.java:552)
	at org.openqa.selenium.remote.RemoteWebElement.execute(RemoteWebElement.java:285)
	at org.openqa.selenium.remote.RemoteWebElement.click(RemoteWebElement.java:84)
	at sun.reflect.NativeMethodAccessorImpl.invoke0(Native Method)
	at sun.reflect.NativeMethodAccessorImpl.invoke(NativeMethodAccessorImpl.java:62)
	at sun.reflect.DelegatingMethodAccessorImpl.invoke(DelegatingMethodAccessorImpl.java:43)
	at java.lang.reflect.Method.invoke(Method.java:498)
	at org.openqa.selenium.support.pagefactory.internal.LocatingElementHandler.invoke(LocatingElementHandler.java:51)
	at com.sun.proxy.$Proxy7.click(Unknown Source)
	at com.cunyfirst.qa.pages.HomePage.clickOnStudentCenterLink(HomePage.java:28)
	at com.cunyfirst.qa.testcases.StudentCenterPageTest.verifyStudentCenterLinkTest(StudentCenterPageTest.java:35)
</failure>
    <system-out>Configuring TestNG with: org.apache.maven.surefire.testng.conf.TestNG652Configurator@1c53fd30
</system-out>
    <system-err>Starting ChromeDriver 80.0.3987.106 (f68069574609230cf9b635cd784cfb1bf81bb53a-refs/branch-heads/3987@{#882}) on port 48782
Only local connections are allowed.
Please protect ports used by ChromeDriver and related test frameworks to prevent access by malicious code.
Mar 05, 2020 3:08:06 PM org.openqa.selenium.remote.ProtocolHandshake createSession
INFO: Detected dialect: W3C
[1583438892.563][SEVERE]: Timed out receiving message from renderer: 0.100
[1583438895.365][SEVERE]: Timed out receiving message from renderer: 0.100
[1583438895.471][SEVERE]: Timed out receiving message from renderer: 0.100
[1583438895.647][SEVERE]: Timed out receiving message from renderer: 0.100
[1583438895.819][SEVERE]: Timed out receiving message from renderer: 0.100
[1583438895.921][SEVERE]: Timed out receiving message from renderer: 0.100
[1583438896.023][SEVERE]: Timed out receiving message from renderer: 0.100
[1583438896.126][SEVERE]: Timed out receiving message from renderer: 0.100
[1583438896.230][SEVERE]: Timed out receiving message from renderer: 0.100
[1583438896.332][SEVERE]: Timed out receiving message from renderer: 0.100
[1583438896.435][SEVERE]: Timed out receiving message from renderer: 0.100
[1583438896.538][SEVERE]: Timed out receiving message from renderer: 0.100
[1583438896.640][SEVERE]: Timed out receiving message from renderer: 0.100
[1583438896.744][SEVERE]: Timed out receiving message from renderer: 0.100
[1583438896.847][SEVERE]: Timed out receiving message from renderer: 0.100
[1583438896.950][SEVERE]: Timed out receiving message from renderer: 0.100
[1583438897.053][SEVERE]: Timed out receiving message from renderer: 0.100
[1583438897.156][SEVERE]: Timed out receiving message from renderer: 0.100
[1583438897.258][SEVERE]: Timed out receiving message from renderer: 0.100
[1583438897.361][SEVERE]: Timed out receiving message from renderer: 0.100
[1583438897.465][SEVERE]: Timed out receiving message from renderer: 0.100
[1583438897.568][SEVERE]: Timed out receiving message from renderer: 0.100
[1583438897.670][SEVERE]: Timed out receiving message from renderer: 0.100
[1583438897.918][SEVERE]: Timed out receiving message from renderer: 0.100
[1583438898.135][SEVERE]: Timed out receiving message from renderer: 0.100
[1583438898.261][SEVERE]: Timed out receiving message from renderer: 0.100
[1583438898.362][SEVERE]: Timed out receiving message from renderer: 0.100
[1583438899.434][SEVERE]: Timed out receiving message from renderer: 0.100
[1583438899.537][SEVERE]: Timed out receiving message from renderer: 0.100
[1583438899.640][SEVERE]: Timed out receiving message from renderer: 0.100
[1583438899.746][SEVERE]: Timed out receiving message from renderer: 0.100
[1583438899.849][SEVERE]: Timed out receiving message from renderer: 0.100
[1583438899.952][SEVERE]: Timed out receiving message from renderer: 0.100
[1583438900.053][SEVERE]: Timed out receiving message from renderer: 0.100
[1583438900.157][SEVERE]: Timed out receiving message from renderer: 0.100
[1583438900.262][SEVERE]: Timed out receiving message from renderer: 0.100
[1583438900.364][SEVERE]: Timed out receiving message from renderer: 0.100
[1583438900.465][SEVERE]: Timed out receiving message from renderer: 0.100
[1583438900.567][SEVERE]: Timed out receiving message from renderer: 0.100
[1583438900.670][SEVERE]: Timed out receiving message from renderer: 0.100
[1583438900.773][SEVERE]: Timed out receiving message from renderer: 0.100
[1583438900.877][SEVERE]: Timed out receiving message from renderer: 0.100
[1583438900.978][SEVERE]: Timed out receiving message from renderer: 0.100
[1583438901.081][SEVERE]: Timed out receiving message from renderer: 0.100
[1583438901.183][SEVERE]: Timed out receiving message from renderer: 0.100
[1583438901.641][SEVERE]: Timed out receiving message from renderer: 0.100
[1583438901.745][SEVERE]: Timed out receiving message from renderer: 0.100
[1583438901.847][SEVERE]: Timed out receiving message from renderer: 0.100
[1583438901.950][SEVERE]: Timed out receiving message from renderer: 0.100
[1583438902.052][SEVERE]: Timed out receiving message from renderer: 0.100
[1583438902.155][SEVERE]: Timed out receiving message from renderer: 0.100
[1583438902.257][SEVERE]: Timed out receiving message from renderer: 0.100
[1583438902.361][SEVERE]: Timed out receiving message from renderer: 0.100
[1583438902.464][SEVERE]: Timed out receiving message from renderer: 0.100
[1583438902.567][SEVERE]: Timed out receiving message from renderer: 0.100
[1583438902.669][SEVERE]: Timed out receiving message from renderer: 0.100
[1583438902.772][SEVERE]: Timed out receiving message from renderer: 0.100
[1583438902.877][SEVERE]: Timed out receiving message from renderer: 0.100
[1583438902.979][SEVERE]: Timed out receiving message from renderer: 0.100
[1583438903.083][SEVERE]: Timed out receiving message from renderer: 0.100
[1583438903.186][SEVERE]: Timed out receiving message from renderer: 0.100
[1583438903.288][SEVERE]: Timed out receiving message from renderer: 0.100
[1583438903.391][SEVERE]: Timed out receiving message from renderer: 0.100
[1583438903.494][SEVERE]: Timed out receiving message from renderer: 0.100
[1583438903.597][SEVERE]: Timed out receiving message from renderer: 0.100
[1583438903.701][SEVERE]: Timed out receiving message from renderer: 0.100
[1583438903.804][SEVERE]: Timed out receiving message from renderer: 0.100
[1583438903.907][SEVERE]: Timed out receiving message from renderer: 0.100
[1583438904.014][SEVERE]: Timed out receiving message from renderer: 0.100
[1583438904.119][SEVERE]: Timed out receiving message from renderer: 0.100
[1583438904.222][SEVERE]: Timed out receiving message from renderer: 0.100
[1583438904.327][SEVERE]: Timed out receiving message from renderer: 0.100
[1583438904.430][SEVERE]: Timed out receiving message from renderer: 0.100
[1583438904.532][SEVERE]: Timed out receiving message from renderer: 0.100
[1583438904.635][SEVERE]: Timed out receiving message from renderer: 0.100
[1583438904.738][SEVERE]: Timed out receiving message from renderer: 0.100
[1583438904.841][SEVERE]: Timed out receiving message from renderer: 0.100
[1583438904.943][SEVERE]: Timed out receiving message from renderer: 0.100
[1583438905.046][SEVERE]: Timed out receiving message from renderer: 0.100
[1583438905.150][SEVERE]: Timed out receiving message from renderer: 0.100
[1583438905.252][SEVERE]: Timed out receiving message from renderer: 0.100
[1583438905.355][SEVERE]: Timed out receiving message from renderer: 0.100
[1583438905.458][SEVERE]: Timed out receiving message from renderer: 0.100
[1583438905.561][SEVERE]: Timed out receiving message from renderer: 0.100
[1583438905.668][SEVERE]: Timed out receiving message from renderer: 0.100
[1583438905.771][SEVERE]: Timed out receiving message from renderer: 0.100
[1583438905.873][SEVERE]: Timed out receiving message from renderer: 0.100
[1583438905.976][SEVERE]: Timed out receiving message from renderer: 0.100
[1583438906.079][SEVERE]: Timed out receiving message from renderer: 0.100
[1583438906.181][SEVERE]: Timed out receiving message from renderer: 0.100
[1583438906.283][SEVERE]: Timed out receiving message from renderer: 0.100
[1583438906.386][SEVERE]: Timed out receiving message from renderer: 0.100
[1583438906.489][SEVERE]: Timed out receiving message from renderer: 0.100
[1583438906.592][SEVERE]: Timed out receiving message from renderer: 0.100
[1583438906.696][SEVERE]: Timed out receiving message from renderer: 0.100
[1583438906.798][SEVERE]: Timed out receiving message from renderer: 0.100
[1583438906.904][SEVERE]: Timed out receiving message from renderer: 0.100
[1583438907.006][SEVERE]: Timed out receiving message from renderer: 0.100
[1583438907.109][SEVERE]: Timed out receiving message from renderer: 0.100
[1583438907.211][SEVERE]: Timed out receiving message from renderer: 0.100
[1583438907.314][SEVERE]: Timed out receiving message from renderer: 0.100
[1583438907.417][SEVERE]: Timed out receiving message from renderer: 0.100
[1583438907.519][SEVERE]: Timed out receiving message from renderer: 0.100
[1583438907.621][SEVERE]: Timed out receiving message from renderer: 0.100
[1583438907.724][SEVERE]: Timed out receiving message from renderer: 0.100
[1583438907.827][SEVERE]: Timed out receiving message from renderer: 0.100
[1583438907.929][SEVERE]: Timed out receiving message from renderer: 0.100
[1583438908.031][SEVERE]: Timed out receiving message from renderer: 0.100
[1583438908.134][SEVERE]: Timed out receiving message from renderer: 0.100
[1583438908.236][SEVERE]: Timed out receiving message from renderer: 0.100
[1583438908.339][SEVERE]: Timed out receiving message from renderer: 0.100
[1583438908.443][SEVERE]: Timed out receiving message from renderer: 0.100
[1583438908.546][SEVERE]: Timed out receiving message from renderer: 0.100
[1583438908.650][SEVERE]: Timed out receiving message from renderer: 0.100
[1583438908.753][SEVERE]: Timed out receiving message from renderer: 0.100
[1583438908.856][SEVERE]: Timed out receiving message from renderer: 0.100
[1583438908.959][SEVERE]: Timed out receiving message from renderer: 0.100
[1583438909.061][SEVERE]: Timed out receiving message from renderer: 0.100
[1583438909.163][SEVERE]: Timed out receiving message from renderer: 0.100
[1583438909.268][SEVERE]: Timed out receiving message from renderer: 0.100
[1583438909.370][SEVERE]: Timed out receiving message from renderer: 0.100
[1583438909.473][SEVERE]: Timed out receiving message from renderer: 0.100
[1583438909.576][SEVERE]: Timed out receiving message from renderer: 0.100
[1583438909.679][SEVERE]: Timed out receiving message from renderer: 0.100
[1583438909.782][SEVERE]: Timed out receiving message from renderer: 0.100
[1583438909.884][SEVERE]: Timed out receiving message from renderer: 0.100
[1583438909.987][SEVERE]: Timed out receiving message from renderer: 0.100
[1583438910.090][SEVERE]: Timed out receiving message from renderer: 0.100
[1583438910.193][SEVERE]: Timed out receiving message from renderer: 0.100
[1583438910.296][SEVERE]: Timed out receiving message from renderer: 0.100
[1583438910.399][SEVERE]: Timed out receiving message from renderer: 0.100
[1583438910.501][SEVERE]: Timed out receiving message from renderer: 0.100
[1583438910.604][SEVERE]: Timed out receiving message from renderer: 0.100
[1583438910.707][SEVERE]: Timed out receiving message from renderer: 0.100
[1583438910.809][SEVERE]: Timed out receiving message from renderer: 0.100
[1583438910.912][SEVERE]: Timed out receiving message from renderer: 0.100
[1583438911.017][SEVERE]: Timed out receiving message from renderer: 0.100
[1583438911.119][SEVERE]: Timed out receiving message from renderer: 0.100
[1583438911.221][SEVERE]: Timed out receiving message from renderer: 0.100
[1583438911.323][SEVERE]: Timed out receiving message from renderer: 0.100
[1583438911.427][SEVERE]: Timed out receiving message from renderer: 0.100
[1583438911.530][SEVERE]: Timed out receiving message from renderer: 0.100
[1583438911.633][SEVERE]: Timed out receiving message from renderer: 0.100
[1583438911.734][SEVERE]: Timed out receiving message from renderer: 0.100
[1583438911.838][SEVERE]: Timed out receiving message from renderer: 0.100
[1583438911.941][SEVERE]: Timed out receiving message from renderer: 0.100
[1583438912.044][SEVERE]: Timed out receiving message from renderer: 0.100
[1583438912.147][SEVERE]: Timed out receiving message from renderer: 0.100
[1583438912.250][SEVERE]: Timed out receiving message from renderer: 0.100
[1583438912.351][SEVERE]: Timed out receiving message from renderer: 0.100
[1583438912.453][SEVERE]: Timed out receiving message from renderer: 0.100
[1583438912.556][SEVERE]: Timed out receiving message from renderer: 0.100
[1583438912.661][SEVERE]: Timed out receiving message from renderer: 0.100
[1583438912.763][SEVERE]: Timed out receiving message from renderer: 0.100
[1583438912.867][SEVERE]: Timed out receiving message from renderer: 0.100
[1583438912.969][SEVERE]: Timed out receiving message from renderer: 0.100
[1583438913.097][SEVERE]: Timed out receiving message from renderer: 0.100
[1583438913.199][SEVERE]: Timed out receiving message from renderer: 0.100
[1583438913.302][SEVERE]: Timed out receiving message from renderer: 0.100
[1583438913.404][SEVERE]: Timed out receiving message from renderer: 0.100
[1583438913.507][SEVERE]: Timed out receiving message from renderer: 0.100
[1583438913.686][SEVERE]: Timed out receiving message from renderer: 0.100
[1583438913.789][SEVERE]: Timed out receiving message from renderer: 0.100
[1583438913.892][SEVERE]: Timed out receiving message from renderer: 0.100
[1583438913.994][SEVERE]: Timed out receiving message from renderer: 0.100
[1583438914.097][SEVERE]: Timed out receiving message from renderer: 0.100
[1583438914.201][SEVERE]: Timed out receiving message from renderer: 0.100
[1583438914.303][SEVERE]: Timed out receiving message from renderer: 0.100
[1583438914.405][SEVERE]: Timed out receiving message from renderer: 0.100
[1583438914.508][SEVERE]: Timed out receiving message from renderer: 0.100
[1583438914.611][SEVERE]: Timed out receiving message from renderer: 0.100
[1583438914.714][SEVERE]: Timed out receiving message from renderer: 0.100
[1583438914.817][SEVERE]: Timed out receiving message from renderer: 0.100
[1583438914.919][SEVERE]: Timed out receiving message from renderer: 0.100
[1583438915.022][SEVERE]: Timed out receiving message from renderer: 0.100
[1583438915.126][SEVERE]: Timed out receiving message from renderer: 0.100
[1583438915.229][SEVERE]: Timed out receiving message from renderer: 0.100
[1583438915.332][SEVERE]: Timed out receiving message from renderer: 0.100
[1583438915.435][SEVERE]: Timed out receiving message from renderer: 0.100
[1583438915.538][SEVERE]: Timed out receiving message from renderer: 0.100
[1583438915.641][SEVERE]: Timed out receiving message from renderer: 0.100
[1583438915.745][SEVERE]: Timed out receiving message from renderer: 0.100
[1583438915.847][SEVERE]: Timed out receiving message from renderer: 0.100
[1583438915.952][SEVERE]: Timed out receiving message from renderer: 0.100
[1583438916.113][SEVERE]: Timed out receiving message from renderer: 0.100
[1583438916.216][SEVERE]: Timed out receiving message from renderer: 0.100
[1583438916.319][SEVERE]: Timed out receiving message from renderer: 0.100
[1583438916.422][SEVERE]: Timed out receiving message from renderer: 0.100
[1583438916.524][SEVERE]: Timed out receiving message from renderer: 0.100
[1583438916.628][SEVERE]: Timed out receiving message from renderer: 0.100
[1583438916.731][SEVERE]: Timed out receiving message from renderer: 0.100
[1583438916.835][SEVERE]: Timed out receiving message from renderer: 0.100
[1583438916.937][SEVERE]: Timed out receiving message from renderer: 0.100
[1583438917.039][SEVERE]: Timed out receiving message from renderer: 0.100
[1583438917.142][SEVERE]: Timed out receiving message from renderer: 0.100
[1583438917.245][SEVERE]: Timed out receiving message from renderer: 0.100
[1583438917.347][SEVERE]: Timed out receiving message from renderer: 0.100
[1583438917.451][SEVERE]: Timed out receiving message from renderer: 0.100
[1583438917.553][SEVERE]: Timed out receiving message from renderer: 0.100
[1583438917.655][SEVERE]: Timed out receiving message from renderer: 0.100
[1583438917.758][SEVERE]: Timed out receiving message from renderer: 0.100
[1583438917.861][SEVERE]: Timed out receiving message from renderer: 0.100
[1583438917.965][SEVERE]: Timed out receiving message from renderer: 0.100
[1583438918.068][SEVERE]: Timed out receiving message from renderer: 0.100
[1583438918.171][SEVERE]: Timed out receiving message from renderer: 0.100
[1583438918.272][SEVERE]: Timed out receiving message from renderer: 0.100
[1583438918.375][SEVERE]: Timed out receiving message from renderer: 0.100
[1583438918.478][SEVERE]: Timed out receiving message from renderer: 0.100
[1583438918.581][SEVERE]: Timed out receiving message from renderer: 0.100
[1583438918.596][SEVERE]: Timed out receiving message from renderer: 0.013
[1583438918.599][SEVERE]: Timed out receiving message from renderer: -0.003
</system-err>
  </testcase>
  <testcase classname="com.cunyfirst.qa.testcases.StudentCenterPageTest" name="ClickOnMainMenuTest" time="0.003">
    <failure type="java.lang.NullPointerException">java.lang.NullPointerException
	at com.cunyfirst.qa.pages.StudentCenter.ClickOnMainMen(StudentCenter.java:14)
	at com.cunyfirst.qa.testcases.StudentCenterPageTest.ClickOnMainMenuTest(StudentCenterPageTest.java:40)
</failure>
    <system-err>Starting ChromeDriver 80.0.3987.106 (f68069574609230cf9b635cd784cfb1bf81bb53a-refs/branch-heads/3987@{#882}) on port 38878
Only local connections are allowed.
Please protect ports used by ChromeDriver and related test frameworks to prevent access by malicious code.
Mar 05, 2020 3:08:41 PM org.openqa.selenium.remote.ProtocolHandshake createSession
INFO: Detected dialect: W3C
[1583438928.437][SEVERE]: Timed out receiving message from renderer: 0.100
[1583438928.596][SEVERE]: Timed out receiving message from renderer: 0.100
[1583438928.699][SEVERE]: Timed out receiving message from renderer: 0.100
[1583438928.802][SEVERE]: Timed out receiving message from renderer: 0.100
[1583438928.904][SEVERE]: Timed out receiving message from renderer: 0.100
[1583438929.265][SEVERE]: Timed out receiving message from renderer: 0.100
[1583438929.368][SEVERE]: Timed out receiving message from renderer: 0.100
[1583438929.495][SEVERE]: Timed out receiving message from renderer: 0.100
[1583438929.598][SEVERE]: Timed out receiving message from renderer: 0.100
[1583438929.701][SEVERE]: Timed out receiving message from renderer: 0.100
[1583438929.805][SEVERE]: Timed out receiving message from renderer: 0.100
[1583438929.907][SEVERE]: Timed out receiving message from renderer: 0.100
[1583438930.010][SEVERE]: Timed out receiving message from renderer: 0.100
[1583438930.113][SEVERE]: Timed out receiving message from renderer: 0.100
[1583438930.216][SEVERE]: Timed out receiving message from renderer: 0.100
[1583438930.319][SEVERE]: Timed out receiving message from renderer: 0.100
[1583438930.422][SEVERE]: Timed out receiving message from renderer: 0.100
[1583438930.524][SEVERE]: Timed out receiving message from renderer: 0.100
[1583438930.628][SEVERE]: Timed out receiving message from renderer: 0.100
[1583438930.731][SEVERE]: Timed out receiving message from renderer: 0.100
[1583438930.834][SEVERE]: Timed out receiving message from renderer: 0.100
[1583438930.936][SEVERE]: Timed out receiving message from renderer: 0.100
[1583438931.039][SEVERE]: Timed out receiving message from renderer: 0.100
[1583438931.142][SEVERE]: Timed out receiving message from renderer: 0.100
[1583438931.245][SEVERE]: Timed out receiving message from renderer: 0.100
[1583438931.348][SEVERE]: Timed out receiving message from renderer: 0.100
[1583438931.451][SEVERE]: Timed out receiving message from renderer: 0.100
[1583438931.554][SEVERE]: Timed out receiving message from renderer: 0.100
[1583438931.657][SEVERE]: Timed out receiving message from renderer: 0.100
[1583438931.762][SEVERE]: Timed out receiving message from renderer: 0.100
[1583438931.873][SEVERE]: Timed out receiving message from renderer: 0.100
[1583438931.975][SEVERE]: Timed out receiving message from renderer: 0.100
[1583438932.078][SEVERE]: Timed out receiving message from renderer: 0.100
[1583438932.181][SEVERE]: Timed out receiving message from renderer: 0.100
[1583438932.396][SEVERE]: Timed out receiving message from renderer: 0.100
[1583438932.498][SEVERE]: Timed out receiving message from renderer: 0.100
[1583438932.600][SEVERE]: Timed out receiving message from renderer: 0.100
[1583438932.703][SEVERE]: Timed out receiving message from renderer: 0.100
[1583438932.806][SEVERE]: Timed out receiving message from renderer: 0.100
[1583438932.908][SEVERE]: Timed out receiving message from renderer: 0.100
[1583438933.010][SEVERE]: Timed out receiving message from renderer: 0.100
[1583438933.112][SEVERE]: Timed out receiving message from renderer: 0.100
[1583438933.214][SEVERE]: Timed out receiving message from renderer: 0.100
[1583438933.317][SEVERE]: Timed out receiving message from renderer: 0.100
[1583438933.420][SEVERE]: Timed out receiving message from renderer: 0.100
[1583438933.522][SEVERE]: Timed out receiving message from renderer: 0.100
[1583438933.697][SEVERE]: Timed out receiving message from renderer: 0.100
[1583438933.799][SEVERE]: Timed out receiving message from renderer: 0.100
[1583438933.902][SEVERE]: Timed out receiving message from renderer: 0.100
[1583438934.005][SEVERE]: Timed out receiving message from renderer: 0.100
[1583438934.108][SEVERE]: Timed out receiving message from renderer: 0.100
[1583438934.211][SEVERE]: Timed out receiving message from renderer: 0.100
[1583438934.315][SEVERE]: Timed out receiving message from renderer: 0.100
[1583438934.419][SEVERE]: Timed out receiving message from renderer: 0.100
[1583438934.522][SEVERE]: Timed out receiving message from renderer: 0.100
[1583438934.625][SEVERE]: Timed out receiving message from renderer: 0.100
[1583438934.728][SEVERE]: Timed out receiving message from renderer: 0.100
[1583438934.831][SEVERE]: Timed out receiving message from renderer: 0.100
[1583438934.935][SEVERE]: Timed out receiving message from renderer: 0.100
[1583438935.038][SEVERE]: Timed out receiving message from renderer: 0.100
[1583438935.140][SEVERE]: Timed out receiving message from renderer: 0.100
[1583438935.243][SEVERE]: Timed out receiving message from renderer: 0.100
[1583438935.347][SEVERE]: Timed out receiving message from renderer: 0.100
[1583438935.449][SEVERE]: Timed out receiving message from renderer: 0.100
[1583438935.553][SEVERE]: Timed out receiving message from renderer: 0.100
[1583438935.657][SEVERE]: Timed out receiving message from renderer: 0.100
[1583438935.760][SEVERE]: Timed out receiving message from renderer: 0.100
[1583438935.864][SEVERE]: Timed out receiving message from renderer: 0.100
[1583438935.966][SEVERE]: Timed out receiving message from renderer: 0.100
[1583438936.071][SEVERE]: Timed out receiving message from renderer: 0.100
</system-err>
  </testcase>
  <testcase classname="com.cunyfirst.qa.testcases.HomePageTest" name="verifyHomePageTitileTest" time="0.02"/>
  <testcase classname="com.cunyfirst.qa.testcases.HomePageTest" name="verifyStudentCenterLinkTest" time="9.72">
    <failure type="java.lang.NullPointerException">java.lang.NullPointerException
	at com.cunyfirst.qa.pages.StudentCenter.ClickOnMainMen(StudentCenter.java:14)
	at com.cunyfirst.qa.testcases.HomePageTest.verifyStudentCenterLinkTest(HomePageTest.java:49)
</failure>
    <system-err>Starting ChromeDriver 80.0.3987.106 (f68069574609230cf9b635cd784cfb1bf81bb53a-refs/branch-heads/3987@{#882}) on port 2044
Only local connections are allowed.
Please protect ports used by ChromeDriver and related test frameworks to prevent access by malicious code.
Mar 05, 2020 3:09:09 PM org.openqa.selenium.remote.ProtocolHandshake createSession
INFO: Detected dialect: W3C
[1583438953.309][SEVERE]: Timed out receiving message from renderer: 0.100
[1583438953.472][SEVERE]: Timed out receiving message from renderer: 0.100
[1583438953.574][SEVERE]: Timed out receiving message from renderer: 0.100
[1583438953.676][SEVERE]: Timed out receiving message from renderer: 0.100
[1583438953.783][SEVERE]: Timed out receiving message from renderer: 0.100
[1583438953.884][SEVERE]: Timed out receiving message from renderer: 0.100
[1583438954.160][SEVERE]: Timed out receiving message from renderer: 0.100
[1583438954.264][SEVERE]: Timed out receiving message from renderer: 0.100
[1583438954.367][SEVERE]: Timed out receiving message from renderer: 0.100
[1583438954.469][SEVERE]: Timed out receiving message from renderer: 0.100
[1583438954.570][SEVERE]: Timed out receiving message from renderer: 0.100
[1583438954.673][SEVERE]: Timed out receiving message from renderer: 0.100
[1583438954.775][SEVERE]: Timed out receiving message from renderer: 0.100
[1583438954.877][SEVERE]: Timed out receiving message from renderer: 0.100
[1583438954.980][SEVERE]: Timed out receiving message from renderer: 0.100
[1583438955.084][SEVERE]: Timed out receiving message from renderer: 0.100
[1583438955.189][SEVERE]: Timed out receiving message from renderer: 0.100
[1583438955.291][SEVERE]: Timed out receiving message from renderer: 0.100
[1583438955.393][SEVERE]: Timed out receiving message from renderer: 0.100
[1583438955.495][SEVERE]: Timed out receiving message from renderer: 0.100
[1583438955.598][SEVERE]: Timed out receiving message from renderer: 0.100
[1583438955.702][SEVERE]: Timed out receiving message from renderer: 0.100
[1583438955.803][SEVERE]: Timed out receiving message from renderer: 0.100
[1583438955.906][SEVERE]: Timed out receiving message from renderer: 0.100
[1583438956.009][SEVERE]: Timed out receiving message from renderer: 0.100
[1583438956.112][SEVERE]: Timed out receiving message from renderer: 0.100
[1583438956.216][SEVERE]: Timed out receiving message from renderer: 0.100
[1583438956.318][SEVERE]: Timed out receiving message from renderer: 0.100
[1583438956.420][SEVERE]: Timed out receiving message from renderer: 0.100
[1583438956.522][SEVERE]: Timed out receiving message from renderer: 0.100
[1583438956.625][SEVERE]: Timed out receiving message from renderer: 0.100
[1583438956.728][SEVERE]: Timed out receiving message from renderer: 0.100
[1583438956.831][SEVERE]: Timed out receiving message from renderer: 0.100
[1583438956.935][SEVERE]: Timed out receiving message from renderer: 0.100
[1583438957.038][SEVERE]: Timed out receiving message from renderer: 0.100
[1583438957.141][SEVERE]: Timed out receiving message from renderer: 0.100
[1583438957.244][SEVERE]: Timed out receiving message from renderer: 0.100
[1583438957.347][SEVERE]: Timed out receiving message from renderer: 0.100
[1583438957.451][SEVERE]: Timed out receiving message from renderer: 0.100
[1583438957.555][SEVERE]: Timed out receiving message from renderer: 0.100
[1583438957.658][SEVERE]: Timed out receiving message from renderer: 0.100
[1583438957.760][SEVERE]: Timed out receiving message from renderer: 0.100
[1583438957.863][SEVERE]: Timed out receiving message from renderer: 0.100
[1583438957.966][SEVERE]: Timed out receiving message from renderer: 0.100
[1583438958.068][SEVERE]: Timed out receiving message from renderer: 0.100
[1583438958.172][SEVERE]: Timed out receiving message from renderer: 0.100
[1583438958.275][SEVERE]: Timed out receiving message from renderer: 0.100
[1583438958.378][SEVERE]: Timed out receiving message from renderer: 0.100
[1583438958.482][SEVERE]: Timed out receiving message from renderer: 0.100
[1583438958.584][SEVERE]: Timed out receiving message from renderer: 0.100
[1583438958.688][SEVERE]: Timed out receiving message from renderer: 0.100
[1583438958.790][SEVERE]: Timed out receiving message from renderer: 0.100
[1583438958.893][SEVERE]: Timed out receiving message from renderer: 0.100
[1583438958.996][SEVERE]: Timed out receiving message from renderer: 0.100
[1583438959.099][SEVERE]: Timed out receiving message from renderer: 0.100
[1583438959.202][SEVERE]: Timed out receiving message from renderer: 0.100
[1583438959.304][SEVERE]: Timed out receiving message from renderer: 0.100
[1583438959.499][SEVERE]: Timed out receiving message from renderer: 0.100
[1583438959.602][SEVERE]: Timed out receiving message from renderer: 0.100
[1583438959.706][SEVERE]: Timed out receiving message from renderer: 0.100
[1583438960.439][SEVERE]: Timed out receiving message from renderer: 0.100
[1583438960.541][SEVERE]: Timed out receiving message from renderer: 0.100
[1583438960.644][SEVERE]: Timed out receiving message from renderer: 0.100
[1583438960.747][SEVERE]: Timed out receiving message from renderer: 0.100
[1583438960.872][SEVERE]: Timed out receiving message from renderer: 0.100
[1583438960.973][SEVERE]: Timed out receiving message from renderer: 0.100
[1583438961.076][SEVERE]: Timed out receiving message from renderer: 0.100
[1583438961.179][SEVERE]: Timed out receiving message from renderer: 0.100
[1583438961.282][SEVERE]: Timed out receiving message from renderer: 0.100
[1583438961.386][SEVERE]: Timed out receiving message from renderer: 0.100
[1583438961.490][SEVERE]: Timed out receiving message from renderer: 0.100
[1583438961.592][SEVERE]: Timed out receiving message from renderer: 0.100
[1583438961.694][SEVERE]: Timed out receiving message from renderer: 0.100
[1583438961.797][SEVERE]: Timed out receiving message from renderer: 0.100
[1583438961.901][SEVERE]: Timed out receiving message from renderer: 0.100
[1583438962.003][SEVERE]: Timed out receiving message from renderer: 0.100
[1583438962.105][SEVERE]: Timed out receiving message from renderer: 0.100
[1583438962.378][SEVERE]: Timed out receiving message from renderer: 0.100
[1583438962.757][SEVERE]: Timed out receiving message from renderer: 0.100
[1583438962.860][SEVERE]: Timed out receiving message from renderer: 0.100
[1583438963.036][SEVERE]: Timed out receiving message from renderer: 0.100
[1583438963.151][SEVERE]: Timed out receiving message from renderer: 0.100
[1583438963.253][SEVERE]: Timed out receiving message from renderer: 0.100
[1583438963.355][SEVERE]: Timed out receiving message from renderer: 0.100
[1583438963.458][SEVERE]: Timed out receiving message from renderer: 0.100
[1583438963.561][SEVERE]: Timed out receiving message from renderer: 0.100
[1583438963.663][SEVERE]: Timed out receiving message from renderer: 0.100
[1583438963.765][SEVERE]: Timed out receiving message from renderer: 0.100
[1583438963.868][SEVERE]: Timed out receiving message from renderer: 0.100
[1583438963.971][SEVERE]: Timed out receiving message from renderer: 0.100
[1583438964.074][SEVERE]: Timed out receiving message from renderer: 0.100
[1583438964.177][SEVERE]: Timed out receiving message from renderer: 0.100
[1583438964.280][SEVERE]: Timed out receiving message from renderer: 0.100
[1583438964.383][SEVERE]: Timed out receiving message from renderer: 0.100
[1583438964.485][SEVERE]: Timed out receiving message from renderer: 0.100
[1583438964.590][SEVERE]: Timed out receiving message from renderer: 0.100
[1583438964.756][SEVERE]: Timed out receiving message from renderer: 0.100
[1583438964.858][SEVERE]: Timed out receiving message from renderer: 0.100
[1583438964.959][SEVERE]: Timed out receiving message from renderer: 0.100
[1583438965.061][SEVERE]: Timed out receiving message from renderer: 0.100
[1583438965.166][SEVERE]: Timed out receiving message from renderer: 0.100
[1583438965.268][SEVERE]: Timed out receiving message from renderer: 0.100
[1583438965.369][SEVERE]: Timed out receiving message from renderer: 0.100
[1583438965.472][SEVERE]: Timed out receiving message from renderer: 0.100
[1583438965.573][SEVERE]: Timed out receiving message from renderer: 0.100
[1583438965.685][SEVERE]: Timed out receiving message from renderer: 0.100
[1583438965.800][SEVERE]: Timed out receiving message from renderer: 0.100
[1583438965.947][SEVERE]: Timed out receiving message from renderer: 0.100
[1583438966.049][SEVERE]: Timed out receiving message from renderer: 0.100
[1583438966.152][SEVERE]: Timed out receiving message from renderer: 0.100
[1583438966.255][SEVERE]: Timed out receiving message from renderer: 0.100
[1583438966.356][SEVERE]: Timed out receiving message from renderer: 0.100
[1583438966.459][SEVERE]: Timed out receiving message from renderer: 0.100
[1583438966.561][SEVERE]: Timed out receiving message from renderer: 0.100
[1583438966.664][SEVERE]: Timed out receiving message from renderer: 0.100
[1583438966.766][SEVERE]: Timed out receiving message from renderer: 0.100
[1583438966.868][SEVERE]: Timed out receiving message from renderer: 0.100
[1583438966.971][SEVERE]: Timed out receiving message from renderer: 0.100
[1583438967.075][SEVERE]: Timed out receiving message from renderer: 0.100
[1583438967.178][SEVERE]: Timed out receiving message from renderer: 0.100
[1583438967.280][SEVERE]: Timed out receiving message from renderer: 0.100
[1583438967.383][SEVERE]: Timed out receiving message from renderer: 0.100
[1583438967.486][SEVERE]: Timed out receiving message from renderer: 0.100
[1583438967.589][SEVERE]: Timed out receiving message from renderer: 0.100
[1583438967.691][SEVERE]: Timed out receiving message from renderer: 0.100
[1583438967.794][SEVERE]: Timed out receiving message from renderer: 0.100
[1583438967.897][SEVERE]: Timed out receiving message from renderer: 0.100
[1583438968.000][SEVERE]: Timed out receiving message from renderer: 0.100
[1583438968.102][SEVERE]: Timed out receiving message from renderer: 0.100
[1583438968.205][SEVERE]: Timed out receiving message from renderer: 0.100
[1583438968.308][SEVERE]: Timed out receiving message from renderer: 0.100
[1583438968.411][SEVERE]: Timed out receiving message from renderer: 0.100
[1583438968.514][SEVERE]: Timed out receiving message from renderer: 0.100
[1583438968.617][SEVERE]: Timed out receiving message from renderer: 0.100
[1583438968.719][SEVERE]: Timed out receiving message from renderer: 0.100
[1583438968.822][SEVERE]: Timed out receiving message from renderer: 0.100
[1583438968.925][SEVERE]: Timed out receiving message from renderer: 0.100
[1583438969.028][SEVERE]: Timed out receiving message from renderer: 0.100
[1583438969.131][SEVERE]: Timed out receiving message from renderer: 0.100
[1583438969.234][SEVERE]: Timed out receiving message from renderer: 0.100
[1583438969.336][SEVERE]: Timed out receiving message from renderer: 0.100
[1583438969.440][SEVERE]: Timed out receiving message from renderer: 0.100
</system-err>
  </testcase>
  <testcase classname="com.cunyfirst.qa.testcases.LoginPageTest" name="loginPageTittleTest" time="0.017"/>
  <testcase classname="com.cunyfirst.qa.testcases.LoginPageTest" name="loginTest" time="8.516"/>
</testsuite>