<?xml version="1.0" encoding="UTF-8"?>
<!-- Generated by org.testng.reporters.JUnitReportReporter -->
<testsuite skipped="0" hostname="Alis-Air.home" name="com.cuntfirst.qa.testcases.LoginPageTest" tests="2" failures="0" timestamp="2020-03-04T13:16:23 EST" time="20.735" errors="0">
  <testcase name="loginPageTittleTest" time="8.787" classname="com.cuntfirst.qa.testcases.LoginPageTest"/>
  <system-out/>
  <testcase name="loginTest" time="11.948" classname="com.cuntfirst.qa.testcases.LoginPageTest"/>
  <system-out/>
</testsuite> <!-- com.cuntfirst.qa.testcases.LoginPageTest -->
