<?xml version="1.0" encoding="UTF-8"?>
<!-- Generated by org.testng.reporters.JUnitReportReporter -->
<testsuite skipped="0" hostname="Alis-Air.home" name="com.cunyfirst.qa.testcases.LoginPageTest" tests="2" failures="0" timestamp="2020-03-05T10:12:06 EST" time="15.971" errors="0">
  <testcase name="loginPageTittleTest" time="6.576" classname="com.cunyfirst.qa.testcases.LoginPageTest"/>
  <system-out/>
  <testcase name="loginTest" time="9.395" classname="com.cunyfirst.qa.testcases.LoginPageTest"/>
  <system-out/>
</testsuite> <!-- com.cunyfirst.qa.testcases.LoginPageTest -->
