<?xml version="1.0" encoding="UTF-8"?>
<!-- Generated by org.testng.reporters.JUnitReportReporter -->
<testsuite skipped="0" hostname="Alis-Air.home" name="com.cunyfirst.qa.testcases.LoginPageTest" tests="2" failures="0" timestamp="2020-03-05T15:09:46 EST" time="16.477" errors="0">
  <testcase name="loginPageTittleTest" time="4.865" classname="com.cunyfirst.qa.testcases.LoginPageTest"/>
  <system-out/>
  <testcase name="loginTest" time="11.612" classname="com.cunyfirst.qa.testcases.LoginPageTest"/>
  <system-out/>
</testsuite> <!-- com.cunyfirst.qa.testcases.LoginPageTest -->
